Started by an SCM change
Running as SYSTEM
Building in workspace C:\Program Files (x86)\Jenkins\workspace\NodeJS example
No credentials specified
Cloning the remote Git repository
Cloning repository git://github.com/wardviaene/docker-demo.git
 > git.exe init C:\Program Files (x86)\Jenkins\workspace\NodeJS example # timeout=10
Fetching upstream changes from git://github.com/wardviaene/docker-demo.git
 > git.exe --version # timeout=10
 > git.exe fetch --tags --progress -- git://github.com/wardviaene/docker-demo.git +refs/heads/*:refs/remotes/origin/* # timeout=10
 > git.exe config remote.origin.url git://github.com/wardviaene/docker-demo.git # timeout=10
 > git.exe config --add remote.origin.fetch +refs/heads/*:refs/remotes/origin/* # timeout=10
 > git.exe config remote.origin.url git://github.com/wardviaene/docker-demo.git # timeout=10
Fetching upstream changes from git://github.com/wardviaene/docker-demo.git
 > git.exe fetch --tags --progress -- git://github.com/wardviaene/docker-demo.git +refs/heads/*:refs/remotes/origin/* # timeout=10
Seen branch in repository origin/master
Seen branch in repository origin/v1.0.1
Seen branch in repository origin/v1.0.2
Seen 3 remote branches
 > git.exe show-ref --tags -d # timeout=10
Multiple candidate revisions
Scheduling another build to catch up with NodeJS example
Checking out Revision 60e6c11240f1e29dbef8df67a01ef580ce01cadf (origin/master)
 > git.exe config core.sparsecheckout # timeout=10
 > git.exe checkout -f 60e6c11240f1e29dbef8df67a01ef580ce01cadf # timeout=10
Commit message: "node version bump to 12"
First time build. Skipping changelog.
 > git.exe tag -a -f -m Jenkins Build #1 jenkins-NodeJS_example-1 # timeout=10
FATAL: No installation nodejs found. Please define one in manager Jenkins.
java.io.IOException: No installation nodejs found. Please define one in manager Jenkins.
	at jenkins.plugins.nodejs.NodeJSBuildWrapper.setUp(NodeJSBuildWrapper.java:148)
	at jenkins.tasks.SimpleBuildWrapper.setUp(SimpleBuildWrapper.java:146)
	at hudson.model.Build$BuildExecution.doRun(Build.java:157)
	at hudson.model.AbstractBuild$AbstractBuildExecution.run(AbstractBuild.java:504)
	at hudson.model.Run.execute(Run.java:1880)
	at hudson.model.FreeStyleBuild.run(FreeStyleBuild.java:43)
	at hudson.model.ResourceController.execute(ResourceController.java:97)
	at hudson.model.Executor.run(Executor.java:428)
Finished: FAILURE
